<?xml version="1.0" encoding="UTF-8"?>
<testsuite name="ru.vtb.neoflex.autotests.PageNavigationTest" tests="3" skipped="0" failures="0" errors="0" timestamp="2020-07-09T13:00:29" hostname="WS64-073" time="26.225">
  <properties/>
  <testcase name="FromMainToSendAndBack()" classname="ru.vtb.neoflex.autotests.PageNavigationTest" time="9.592"/>
  <testcase name="FromMainToHistoryAndBack()" classname="ru.vtb.neoflex.autotests.PageNavigationTest" time="9.505"/>
  <testcase name="FromMainToPriceAndBack()" classname="ru.vtb.neoflex.autotests.PageNavigationTest" time="7.116"/>
  <system-out><![CDATA[]]></system-out>
  <system-err><![CDATA[Starting ChromeDriver 83.0.4103.39 (ccbf011cb2d2b19b506d844400483861342c20cd-refs/branch-heads/4103@{#416}) on port 36653
Only local connections are allowed.
Please see https://chromedriver.chromium.org/security-considerations for suggestions on keeping ChromeDriver safe.
ChromeDriver was started successfully.
июл. 09, 2020 5:00:33 PM org.openqa.selenium.remote.ProtocolHandshake createSession
INFO: Detected dialect: W3C
Starting ChromeDriver 83.0.4103.39 (ccbf011cb2d2b19b506d844400483861342c20cd-refs/branch-heads/4103@{#416}) on port 47650
Only local connections are allowed.
Please see https://chromedriver.chromium.org/security-considerations for suggestions on keeping ChromeDriver safe.
ChromeDriver was started successfully.
июл. 09, 2020 5:00:42 PM org.openqa.selenium.remote.ProtocolHandshake createSession
INFO: Detected dialect: W3C
Starting ChromeDriver 83.0.4103.39 (ccbf011cb2d2b19b506d844400483861342c20cd-refs/branch-heads/4103@{#416}) on port 33272
Only local connections are allowed.
Please see https://chromedriver.chromium.org/security-considerations for suggestions on keeping ChromeDriver safe.
ChromeDriver was started successfully.
июл. 09, 2020 5:00:51 PM org.openqa.selenium.remote.ProtocolHandshake createSession
INFO: Detected dialect: W3C
]]></system-err>
</testsuite>
