<?xml version="1.0" encoding="UTF-8"?>
<testsuite name="ru.vtb.neoflex.autotests.SendTestimonyTest" tests="1" skipped="0" failures="0" errors="0" timestamp="2020-07-06T09:25:59" hostname="WS64-073" time="16.083">
  <properties/>
  <testcase name="FillAndSubmitSendPage()" classname="ru.vtb.neoflex.autotests.SendTestimonyTest" time="16.083"/>
  <system-out><![CDATA[]]></system-out>
  <system-err><![CDATA[Starting ChromeDriver 83.0.4103.39 (ccbf011cb2d2b19b506d844400483861342c20cd-refs/branch-heads/4103@{#416}) on port 2966
Only local connections are allowed.
Please see https://chromedriver.chromium.org/security-considerations for suggestions on keeping ChromeDriver safe.
ChromeDriver was started successfully.
июл. 06, 2020 1:26:02 PM org.openqa.selenium.remote.ProtocolHandshake createSession
INFO: Detected dialect: W3C
]]></system-err>
</testsuite>
