<?xml version="1.0" encoding="UTF-8"?>
<testsuite name="ru.vtb.neoflex.autotests.PageNavigationTest" tests="3" skipped="0" failures="0" errors="0" timestamp="2020-07-02T15:14:57" hostname="WS64-073" time="23.229">
  <properties/>
  <testcase name="FromMainToSendAndBack()" classname="ru.vtb.neoflex.autotests.PageNavigationTest" time="7.639"/>
  <testcase name="FromMainToHistoryAndBack()" classname="ru.vtb.neoflex.autotests.PageNavigationTest" time="7.11"/>
  <testcase name="FromMainToPriceAndBack()" classname="ru.vtb.neoflex.autotests.PageNavigationTest" time="8.469"/>
  <system-out><![CDATA[]]></system-out>
  <system-err><![CDATA[Starting ChromeDriver 83.0.4103.39 (ccbf011cb2d2b19b506d844400483861342c20cd-refs/branch-heads/4103@{#416}) on port 43207
Only local connections are allowed.
Please see https://chromedriver.chromium.org/security-considerations for suggestions on keeping ChromeDriver safe.
ChromeDriver was started successfully.
июл. 02, 2020 7:15:01 PM org.openqa.selenium.remote.ProtocolHandshake createSession
INFO: Detected dialect: W3C
Starting ChromeDriver 83.0.4103.39 (ccbf011cb2d2b19b506d844400483861342c20cd-refs/branch-heads/4103@{#416}) on port 31657
Only local connections are allowed.
Please see https://chromedriver.chromium.org/security-considerations for suggestions on keeping ChromeDriver safe.
ChromeDriver was started successfully.
июл. 02, 2020 7:15:08 PM org.openqa.selenium.remote.ProtocolHandshake createSession
INFO: Detected dialect: W3C
Starting ChromeDriver 83.0.4103.39 (ccbf011cb2d2b19b506d844400483861342c20cd-refs/branch-heads/4103@{#416}) on port 30457
Only local connections are allowed.
Please see https://chromedriver.chromium.org/security-considerations for suggestions on keeping ChromeDriver safe.
ChromeDriver was started successfully.
июл. 02, 2020 7:15:15 PM org.openqa.selenium.remote.ProtocolHandshake createSession
INFO: Detected dialect: W3C
]]></system-err>
</testsuite>
